<?xml version="1.0" encoding="UTF-8"?>
<testsuite xmlns:xsi="http://www.w3.org/2001/XMLSchema-instance" xsi:noNamespaceSchemaLocation="https://maven.apache.org/surefire/maven-surefire-plugin/xsd/surefire-test-report.xsd" name="org.springframework.samples.petclinic.service.clinicService.ClinicServiceJpaTests" time="3.367" tests="33" errors="0" skipped="0" failures="0">
  <properties>
[...]
</properties>
  <testcase name="shouldFindAllOwners" classname="org.springframework.samples.petclinic.service.clinicService.ClinicServiceJpaTests" time="0.077"/>
  <testcase name="shouldFindPetTypeById" classname="org.springframework.samples.petclinic.service.clinicService.ClinicServiceJpaTests" time="0.016"/>
  <testcase name="shouldUpdateSpecialty" classname="org.springframework.samples.petclinic.service.clinicService.ClinicServiceJpaTests" time="0.044"/>
  <testcase name="shouldFindVets" classname="org.springframework.samples.petclinic.service.clinicService.ClinicServiceJpaTests" time="0.04"/>
  <testcase name="shouldFindAllVisits" classname="org.springframework.samples.petclinic.service.clinicService.ClinicServiceJpaTests" time="0.035"/>
  <testcase name="shouldFindOwnersByLastName" classname="org.springframework.samples.petclinic.service.clinicService.ClinicServiceJpaTests" time="0.012"/>
  <testcase name="shouldInsertVet" classname="org.springframework.samples.petclinic.service.clinicService.ClinicServiceJpaTests" time="0.027"/>
  <testcase name="shouldDeletePet" classname="org.springframework.samples.petclinic.service.clinicService.ClinicServiceJpaTests" time="0.033"/>
  <testcase name="shouldDeleteVet" classname="org.springframework.samples.petclinic.service.clinicService.ClinicServiceJpaTests" time="0.011"/>
  <testcase name="shouldDeleteOwner" classname="org.springframework.samples.petclinic.service.clinicService.ClinicServiceJpaTests" time="0.021"/>
  <testcase name="shouldDeleteVisit" classname="org.springframework.samples.petclinic.service.clinicService.ClinicServiceJpaTests" time="0.025"/>
  <testcase name="shouldInsertSpecialty" classname="org.springframework.samples.petclinic.service.clinicService.ClinicServiceJpaTests" time="0.018"/>
  <testcase name="shouldAddNewVisitForPet" classname="org.springframework.samples.petclinic.service.clinicService.ClinicServiceJpaTests" time="0.018"/>
  <testcase name="shouldUpdateOwner" classname="org.springframework.samples.petclinic.service.clinicService.ClinicServiceJpaTests" time="0.018"/>
  <testcase name="shouldFindVisitsByPetId" classname="org.springframework.samples.petclinic.service.clinicService.ClinicServiceJpaTests" time="0.018"/>
  <testcase name="shouldUpdateVisit" classname="org.springframework.samples.petclinic.service.clinicService.ClinicServiceJpaTests" time="0.012"/>
  <testcase name="shouldInsertPetIntoDatabaseAndGenerateId" classname="org.springframework.samples.petclinic.service.clinicService.ClinicServiceJpaTests" time="0.051"/>
  <testcase name="shouldInsertOwner" classname="org.springframework.samples.petclinic.service.clinicService.ClinicServiceJpaTests" time="0.01"/>
  <testcase name="shouldInsertVisit" classname="org.springframework.samples.petclinic.service.clinicService.ClinicServiceJpaTests" time="0.023"/>
  <testcase name="shouldFindAllPets" classname="org.springframework.samples.petclinic.service.clinicService.ClinicServiceJpaTests" time="0.039"/>
  <testcase name="shouldFindSingleOwnerWithPet" classname="org.springframework.samples.petclinic.service.clinicService.ClinicServiceJpaTests" time="0.008"/>
  <testcase name="shouldFindAllSpecialtys" classname="org.springframework.samples.petclinic.service.clinicService.ClinicServiceJpaTests" time="0.006"/>
  <testcase name="shouldUpdatePetName" classname="org.springframework.samples.petclinic.service.clinicService.ClinicServiceJpaTests" time="0.014"/>
  <testcase name="shouldUpdatePetType" classname="org.springframework.samples.petclinic.service.clinicService.ClinicServiceJpaTests" time="0.008"/>
  <testcase name="shouldFindVisitDyId" classname="org.springframework.samples.petclinic.service.clinicService.ClinicServiceJpaTests" time="0.006"/>
  <testcase name="shouldFindAllPetTypes" classname="org.springframework.samples.petclinic.service.clinicService.ClinicServiceJpaTests" time="0.006"/>
  <testcase name="shouldUpdateVet" classname="org.springframework.samples.petclinic.service.clinicService.ClinicServiceJpaTests" time="0.011"/>
  <testcase name="shouldFindVetDyId" classname="org.springframework.samples.petclinic.service.clinicService.ClinicServiceJpaTests" time="0.002"/>
  <testcase name="shouldInsertPetType" classname="org.springframework.samples.petclinic.service.clinicService.ClinicServiceJpaTests" time="0.011"/>
  <testcase name="shouldDeletePetType" classname="org.springframework.samples.petclinic.service.clinicService.ClinicServiceJpaTests" time="0.076"/>
  <testcase name="shouldFindPetWithCorrectId" classname="org.springframework.samples.petclinic.service.clinicService.ClinicServiceJpaTests" time="0.01"/>
  <testcase name="shouldFindSpecialtyById" classname="org.springframework.samples.petclinic.service.clinicService.ClinicServiceJpaTests" time="0.008"/>
  <testcase name="shouldDeleteSpecialty" classname="org.springframework.samples.petclinic.service.clinicService.ClinicServiceJpaTests" time="0.016"/>
</testsuite>